# JRE version: Java(TM) SE Runtime Environment (8.0_221-b27) (build 1.8.0_221-b27)
# Java VM: Java HotSpot(TM) 64-Bit Server VM (25.221-b27 mixed mode windows-amd64 compressed oops)
Heap:
 PSYoungGen      total 117248K, used 10746K [0x00000000d5d00000, 0x00000000e1e80000, 0x0000000100000000)
  eden space 106496K, 0% used [0x00000000d5d00000,0x00000000d5d00000,0x00000000dc500000)
  from space 10752K, 99% used [0x00000000dc500000,0x00000000dcf7e9e8,0x00000000dcf80000)
  to   space 15360K, 0% used [0x00000000e0f80000,0x00000000e0f80000,0x00000000e1e80000)
 ParOldGen       total 53248K, used 14044K [0x0000000081600000, 0x0000000084a00000, 0x00000000d5d00000)
  object space 53248K, 26% used [0x0000000081600000,0x00000000823b71e0,0x0000000084a00000)
 Metaspace       used 33779K, capacity 35320K, committed 35416K, reserved 1079296K
  class space    used 4597K, capacity 4889K, committed 4952K, reserved 1048576K
GC Heap History (10 events):
Event: 1.038 GC heap after
Heap after GC invocations=4 (full 0):
 PSYoungGen      total 71680K, used 5088K [0x00000000d5d00000, 0x00000000da800000, 0x0000000100000000)
  eden space 66560K, 0% used [0x00000000d5d00000,0x00000000d5d00000,0x00000000d9e00000)
  from space 5120K, 99% used [0x00000000da300000,0x00000000da7f8020,0x00000000da800000)
  to   space 5120K, 0% used [0x00000000d9e00000,0x00000000d9e00000,0x00000000da300000)
 ParOldGen       total 87552K, used 5697K [0x0000000081600000, 0x0000000086b80000, 0x00000000d5d00000)
  object space 87552K, 6% used [0x0000000081600000,0x0000000081b90780,0x0000000086b80000)
 Metaspace       used 20574K, capacity 21134K, committed 21248K, reserved 1067008K
  class space    used 2789K, capacity 2972K, committed 3072K, reserved 1048576K
}
Event: 1.038 GC heap before
{Heap before GC invocations=5 (full 1):
 PSYoungGen      total 71680K, used 5088K [0x00000000d5d00000, 0x00000000da800000, 0x0000000100000000)
  eden space 66560K, 0% used [0x00000000d5d00000,0x00000000d5d00000,0x00000000d9e00000)
  from space 5120K, 99% used [0x00000000da300000,0x00000000da7f8020,0x00000000da800000)
  to   space 5120K, 0% used [0x00000000d9e00000,0x00000000d9e00000,0x00000000da300000)
 ParOldGen       total 87552K, used 5697K [0x0000000081600000, 0x0000000086b80000, 0x00000000d5d00000)
  object space 87552K, 6% used [0x0000000081600000,0x0000000081b90780,0x0000000086b80000)
 Metaspace       used 20574K, capacity 21134K, committed 21248K, reserved 1067008K
  class space    used 2789K, capacity 2972K, committed 3072K, reserved 1048576K
Event: 1.061 GC heap after
Heap after GC invocations=5 (full 1):
 PSYoungGen      total 71680K, used 0K [0x00000000d5d00000, 0x00000000da800000, 0x0000000100000000)
  eden space 66560K, 0% used [0x00000000d5d00000,0x00000000d5d00000,0x00000000d9e00000)
  from space 5120K, 0% used [0x00000000da300000,0x00000000da300000,0x00000000da800000)
  to   space 5120K, 0% used [0x00000000d9e00000,0x00000000d9e00000,0x00000000da300000)
 ParOldGen       total 53248K, used 6103K [0x0000000081600000, 0x0000000084a00000, 0x00000000d5d00000)
  object space 53248K, 11% used [0x0000000081600000,0x0000000081bf5ff8,0x0000000084a00000)
 Metaspace       used 20573K, capacity 21128K, committed 21248K, reserved 1067008K
  class space    used 2789K, capacity 2971K, committed 3072K, reserved 1048576K
}
Event: 1.265 GC heap before
{Heap before GC invocations=6 (full 1):
 PSYoungGen      total 71680K, used 66560K [0x00000000d5d00000, 0x00000000da800000, 0x0000000100000000)
  eden space 66560K, 100% used [0x00000000d5d00000,0x00000000d9e00000,0x00000000d9e00000)
  from space 5120K, 0% used [0x00000000da300000,0x00000000da300000,0x00000000da800000)
  to   space 5120K, 0% used [0x00000000d9e00000,0x00000000d9e00000,0x00000000da300000)
 ParOldGen       total 53248K, used 6112K [0x0000000081600000, 0x0000000084a00000, 0x00000000d5d00000)
  object space 53248K, 11% used [0x0000000081600000,0x0000000081bf81b8,0x0000000084a00000)
 Metaspace       used 21453K, capacity 22152K, committed 22400K, reserved 1069056K
  class space    used 2923K, capacity 3147K, committed 3200K, reserved 1048576K
Event: 1.268 GC heap after
Heap after GC invocations=6 (full 1):
 PSYoungGen      total 71680K, used 3741K [0x00000000d5d00000, 0x00000000dd900000, 0x0000000100000000)
  eden space 66560K, 0% used [0x00000000d5d00000,0x00000000d5d00000,0x00000000d9e00000)
  from space 5120K, 73% used [0x00000000d9e00000,0x00000000da1a77e0,0x00000000da300000)
  to   space 8704K, 0% used [0x00000000dd080000,0x00000000dd080000,0x00000000dd900000)
 ParOldGen       total 53248K, used 6184K [0x0000000081600000, 0x0000000084a00000, 0x00000000d5d00000)
  object space 53248K, 11% used [0x0000000081600000,0x0000000081c0a1c8,0x0000000084a00000)
 Metaspace       used 21453K, capacity 22152K, committed 22400K, reserved 1069056K
  class space    used 2923K, capacity 3147K, committed 3200K, reserved 1048576K
}
Event: 1.810 GC heap before
{Heap before GC invocations=7 (full 1):
 PSYoungGen      total 71680K, used 70301K [0x00000000d5d00000, 0x00000000dd900000, 0x0000000100000000)
  eden space 66560K, 100% used [0x00000000d5d00000,0x00000000d9e00000,0x00000000d9e00000)
  from space 5120K, 73% used [0x00000000d9e00000,0x00000000da1a77e0,0x00000000da300000)
  to   space 8704K, 0% used [0x00000000dd080000,0x00000000dd080000,0x00000000dd900000)
 ParOldGen       total 53248K, used 6184K [0x0000000081600000, 0x0000000084a00000, 0x00000000d5d00000)
  object space 53248K, 11% used [0x0000000081600000,0x0000000081c0a1c8,0x0000000084a00000)
 Metaspace       used 26167K, capacity 27210K, committed 27520K, reserved 1073152K
  class space    used 3626K, capacity 3854K, committed 3968K, reserved 1048576K
Event: 1.817 GC heap after
Heap after GC invocations=7 (full 1):
 PSYoungGen      total 115200K, used 8683K [0x00000000d5d00000, 0x00000000dda00000, 0x0000000100000000)
  eden space 106496K, 0% used [0x00000000d5d00000,0x00000000d5d00000,0x00000000dc500000)
  from space 8704K, 99% used [0x00000000dd080000,0x00000000dd8fada8,0x00000000dd900000)
  to   space 10752K, 0% used [0x00000000dc500000,0x00000000dc500000,0x00000000dcf80000)
 ParOldGen       total 53248K, used 7111K [0x0000000081600000, 0x0000000084a00000, 0x00000000d5d00000)
  object space 53248K, 13% used [0x0000000081600000,0x0000000081cf1c80,0x0000000084a00000)
 Metaspace       used 26167K, capacity 27210K, committed 27520K, reserved 1073152K
  class space    used 3626K, capacity 3854K, committed 3968K, reserved 1048576K
}
Event: 2.425 GC heap before
{Heap before GC invocations=8 (full 1):
 PSYoungGen      total 115200K, used 109466K [0x00000000d5d00000, 0x00000000dda00000, 0x0000000100000000)
  eden space 106496K, 94% used [0x00000000d5d00000,0x00000000dbf6bc08,0x00000000dc500000)
  from space 8704K, 99% used [0x00000000dd080000,0x00000000dd8fada8,0x00000000dd900000)
  to   space 10752K, 0% used [0x00000000dc500000,0x00000000dc500000,0x00000000dcf80000)
 ParOldGen       total 53248K, used 7111K [0x0000000081600000, 0x0000000084a00000, 0x00000000d5d00000)
  object space 53248K, 13% used [0x0000000081600000,0x0000000081cf1c80,0x0000000084a00000)
 Metaspace       used 33779K, capacity 35320K, committed 35416K, reserved 1079296K
  class space    used 4597K, capacity 4889K, committed 4952K, reserved 1048576K
Event: 2.437 GC heap after
Heap after GC invocations=8 (full 1):
 PSYoungGen      total 117248K, used 10746K [0x00000000d5d00000, 0x00000000e1e80000, 0x0000000100000000)
  eden space 106496K, 0% used [0x00000000d5d00000,0x00000000d5d00000,0x00000000dc500000)
  from space 10752K, 99% used [0x00000000dc500000,0x00000000dcf7e9e8,0x00000000dcf80000)
  to   space 15360K, 0% used [0x00000000e0f80000,0x00000000e0f80000,0x00000000e1e80000)
 ParOldGen       total 53248K, used 14044K [0x0000000081600000, 0x0000000084a00000, 0x00000000d5d00000)
  object space 53248K, 26% used [0x0000000081600000,0x00000000823b71e0,0x0000000084a00000)
 Metaspace       used 33779K, capacity 35320K, committed 35416K, reserved 1079296K
  class space    used 4597K, capacity 4889K, committed 4952K, reserved 1048576K
}
Event: 2.437 GC heap before
{Heap before GC invocations=9 (full 2):
 PSYoungGen      total 117248K, used 10746K [0x00000000d5d00000, 0x00000000e1e80000, 0x0000000100000000)
  eden space 106496K, 0% used [0x00000000d5d00000,0x00000000d5d00000,0x00000000dc500000)
  from space 10752K, 99% used [0x00000000dc500000,0x00000000dcf7e9e8,0x00000000dcf80000)
  to   space 15360K, 0% used [0x00000000e0f80000,0x00000000e0f80000,0x00000000e1e80000)
 ParOldGen       total 53248K, used 14044K [0x0000000081600000, 0x0000000084a00000, 0x00000000d5d00000)
  object space 53248K, 26% used [0x0000000081600000,0x00000000823b71e0,0x0000000084a00000)
 Metaspace       used 33779K, capacity 35320K, committed 35416K, reserved 1079296K
  class space    used 4597K, capacity 4889K, committed 4952K, reserved 1048576K

